This mechanism contains 40 gas reactions and 107 surface reactions
Thread ID from threading47914272496960
Running monolith simulation with CH4 and O2 concs (0.20127795527156547, 0.16773162939297123) on thread 47914272496960
7001
Finished monolith simulation for CH4 and O2 concs (0.20127795527156547, 0.16773162939297123) on thread 47914272496960
This mechanism contains 40 gas reactions and 107 surface reactions
Thread ID from threading47914272496960
Running monolith simulation with CH4 and O2 concs (0.48024948024948033, 0.10914760914760915) on thread 47914272496960
7001
Finished monolith simulation for CH4 and O2 concs (0.48024948024948033, 0.10914760914760915) on thread 47914272496960
This mechanism contains 40 gas reactions and 107 surface reactions
Thread ID from threading47914272496960
Running monolith simulation with CH4 and O2 concs (0.29577464788732394, 0.14788732394366197) on thread 47914272496960
7001
Finished monolith simulation for CH4 and O2 concs (0.29577464788732394, 0.14788732394366197) on thread 47914272496960
This mechanism contains 40 gas reactions and 107 surface reactions
Thread ID from threading47914272496960
Running monolith simulation with CH4 and O2 concs (0.3351063829787234, 0.1396276595744681) on thread 47914272496960
7001
Finished monolith simulation for CH4 and O2 concs (0.3351063829787234, 0.1396276595744681) on thread 47914272496960
This mechanism contains 40 gas reactions and 107 surface reactions
Thread ID from threading47914272496960
Running monolith simulation with CH4 and O2 concs (0.31600547195622436, 0.14363885088919287) on thread 47914272496960
7001
Finished monolith simulation for CH4 and O2 concs (0.31600547195622436, 0.14363885088919287) on thread 47914272496960
This mechanism contains 40 gas reactions and 107 surface reactions
Thread ID from threading47914272496960
Running monolith simulation with CH4 and O2 concs (0.353169469598965, 0.1358344113842173) on thread 47914272496960
7001
Finished monolith simulation for CH4 and O2 concs (0.353169469598965, 0.1358344113842173) on thread 47914272496960
This mechanism contains 40 gas reactions and 107 surface reactions
Thread ID from threading47914272496960
Running monolith simulation with CH4 and O2 concs (0.3702770780856423, 0.13224181360201512) on thread 47914272496960
7001
Finished monolith simulation for CH4 and O2 concs (0.3702770780856423, 0.13224181360201512) on thread 47914272496960
This mechanism contains 40 gas reactions and 107 surface reactions
Thread ID from threading47914272496960
Running monolith simulation with CH4 and O2 concs (0.4019138755980861, 0.1255980861244019) on thread 47914272496960
7001
Finished monolith simulation for CH4 and O2 concs (0.4019138755980861, 0.1255980861244019) on thread 47914272496960
This mechanism contains 40 gas reactions and 107 surface reactions
Thread ID from threading47914272496960
Running monolith simulation with CH4 and O2 concs (0.43052391799544426, 0.11958997722095674) on thread 47914272496960
7001
Finished monolith simulation for CH4 and O2 concs (0.43052391799544426, 0.11958997722095674) on thread 47914272496960
This mechanism contains 40 gas reactions and 107 surface reactions
Thread ID from threading47914272496960
Running monolith simulation with CH4 and O2 concs (0.45652173913043476, 0.11413043478260869) on thread 47914272496960
7001
Finished monolith simulation for CH4 and O2 concs (0.45652173913043476, 0.11413043478260869) on thread 47914272496960
This mechanism contains 40 gas reactions and 107 surface reactions
Thread ID from threading47914272496960
Running monolith simulation with CH4 and O2 concs (0.50199203187251, 0.10458167330677291) on thread 47914272496960
7001
Finished monolith simulation for CH4 and O2 concs (0.50199203187251, 0.10458167330677291) on thread 47914272496960
This mechanism contains 40 gas reactions and 107 surface reactions
Thread ID from threading47914272496960
Running monolith simulation with CH4 and O2 concs (0.5219885277246654, 0.10038240917782026) on thread 47914272496960
7001
Finished monolith simulation for CH4 and O2 concs (0.5219885277246654, 0.10038240917782026) on thread 47914272496960
This mechanism contains 40 gas reactions and 107 surface reactions
Thread ID from threading47914272496960
Running monolith simulation with CH4 and O2 concs (0.22720247295208656, 0.16228748068006185) on thread 47914272496960
7001
Finished monolith simulation for CH4 and O2 concs (0.22720247295208656, 0.16228748068006185) on thread 47914272496960
This mechanism contains 40 gas reactions and 107 surface reactions
Thread ID from threading47914272496960
Running monolith simulation with CH4 and O2 concs (0.25149700598802394, 0.15718562874251496) on thread 47914272496960
7001
Finished monolith simulation for CH4 and O2 concs (0.25149700598802394, 0.15718562874251496) on thread 47914272496960
This mechanism contains 40 gas reactions and 107 surface reactions
Thread ID from threading47914272496960
Running monolith simulation with CH4 and O2 concs (0.2743105950653121, 0.15239477503628449) on thread 47914272496960
7001
Finished monolith simulation for CH4 and O2 concs (0.2743105950653121, 0.15239477503628449) on thread 47914272496960
